<?xml version="1.0" encoding="UTF-8"?>
<testsuite xmlns:xsi="http://www.w3.org/2001/XMLSchema-instance" xsi:noNamespaceSchemaLocation="https://maven.apache.org/surefire/maven-surefire-plugin/xsd/surefire-test-report.xsd" name="org.hackerspace.lbc.dmsserver.DmsServerApplicationTests" time="1.899" tests="1" errors="0" skipped="0" failures="0">
  <properties>
    <property name="java.specification.version" value="15"/>
    <property name="sun.jnu.encoding" value="UTF-8"/>
    <property name="java.class.path" value="/Users/kevindias/workspace/hackerspace/dms/target/test-classes:/Users/kevindias/workspace/hackerspace/dms/target/classes:/Users/kevindias/.m2/repository/org/openapitools/openapi-generator/5.0.1/openapi-generator-5.0.1.jar:/Users/kevindias/.m2/repository/io/swagger/core/v3/swagger-core/2.1.2/swagger-core-2.1.2.jar:/Users/kevindias/.m2/repository/com/fasterxml/jackson/core/jackson-annotations/2.11.4/jackson-annotations-2.11.4.jar:/Users/kevindias/.m2/repository/com/fasterxml/jackson/dataformat/jackson-dataformat-yaml/2.11.4/jackson-dataformat-yaml-2.11.4.jar:/Users/kevindias/.m2/repository/io/swagger/core/v3/swagger-annotations/2.1.2/swagger-annotations-2.1.2.jar:/Users/kevindias/.m2/repository/io/swagger/core/v3/swagger-models/2.1.2/swagger-models-2.1.2.jar:/Users/kevindias/.m2/repository/jakarta/validation/jakarta.validation-api/2.0.2/jakarta.validation-api-2.0.2.jar:/Users/kevindias/.m2/repository/io/swagger/parser/v3/swagger-parser/2.0.24/swagger-parser-2.0.24.jar:/Users/kevindias/.m2/repository/io/swagger/parser/v3/swagger-parser-v2-converter/2.0.24/swagger-parser-v2-converter-2.0.24.jar:/Users/kevindias/.m2/repository/io/swagger/swagger-core/1.6.2/swagger-core-1.6.2.jar:/Users/kevindias/.m2/repository/io/swagger/swagger-models/1.6.2/swagger-models-1.6.2.jar:/Users/kevindias/.m2/repository/io/swagger/swagger-annotations/1.6.2/swagger-annotations-1.6.2.jar:/Users/kevindias/.m2/repository/javax/validation/validation-api/2.0.1.Final/validation-api-2.0.1.Final.jar:/Users/kevindias/.m2/repository/io/swagger/swagger-parser/1.0.53/swagger-parser-1.0.53.jar:/Users/kevindias/.m2/repository/io/swagger/swagger-compat-spec-parser/1.0.53/swagger-compat-spec-parser-1.0.53.jar:/Users/kevindias/.m2/repository/com/github/java-json-tools/json-schema-validator/2.2.14/json-schema-validator-2.2.14.jar:/Users/kevindias/.m2/repository/com/github/java-json-tools/jackson-coreutils-equivalence/1.0/jackson-coreutils-equivalence-1.0.jar:/Users/kevindias/.m2/repository/com/github/java-json-tools/json-schema-core/1.2.14/json-schema-core-1.2.14.jar:/Users/kevindias/.m2/repository/com/github/java-json-tools/uri-template/0.10/uri-template-0.10.jar:/Users/kevindias/.m2/repository/org/mozilla/rhino/1.7.7.2/rhino-1.7.7.2.jar:/Users/kevindias/.m2/repository/com/sun/mail/mailapi/1.6.2/mailapi-1.6.2.jar:/Users/kevindias/.m2/repository/com/googlecode/libphonenumber/libphonenumber/8.11.1/libphonenumber-8.11.1.jar:/Users/kevindias/.m2/repository/net/sf/jopt-simple/jopt-simple/5.0.4/jopt-simple-5.0.4.jar:/Users/kevindias/.m2/repository/com/github/java-json-tools/json-patch/1.13/json-patch-1.13.jar:/Users/kevindias/.m2/repository/com/github/java-json-tools/msg-simple/1.2/msg-simple-1.2.jar:/Users/kevindias/.m2/repository/com/github/java-json-tools/btf/1.3/btf-1.3.jar:/Users/kevindias/.m2/repository/com/github/java-json-tools/jackson-coreutils/2.0/jackson-coreutils-2.0.jar:/Users/kevindias/.m2/repository/org/apache/httpcomponents/httpclient/4.5.13/httpclient-4.5.13.jar:/Users/kevindias/.m2/repository/org/apache/httpcomponents/httpcore/4.4.14/httpcore-4.4.14.jar:/Users/kevindias/.m2/repository/commons-codec/commons-codec/1.15/commons-codec-1.15.jar:/Users/kevindias/.m2/repository/io/swagger/parser/v3/swagger-parser-core/2.0.24/swagger-parser-core-2.0.24.jar:/Users/kevindias/.m2/repository/io/swagger/parser/v3/swagger-parser-v3/2.0.24/swagger-parser-v3-2.0.24.jar:/Users/kevindias/.m2/repository/com/samskivert/jmustache/1.15/jmustache-1.15.jar:/Users/kevindias/.m2/repository/com/github/jknack/handlebars/4.1.2/handlebars-4.1.2.jar:/Users/kevindias/.m2/repository/com/github/jknack/handlebars-jackson2/4.1.2/handlebars-jackson2-4.1.2.jar:/Users/kevindias/.m2/repository/commons-io/commons-io/2.4/commons-io-2.4.jar:/Users/kevindias/.m2/repository/org/slf4j/slf4j-ext/1.7.30/slf4j-ext-1.7.30.jar:/Users/kevindias/.m2/repository/org/slf4j/slf4j-api/1.7.30/slf4j-api-1.7.30.jar:/Users/kevindias/.m2/repository/org/slf4j/slf4j-simple/1.7.30/slf4j-simple-1.7.30.jar:/Users/kevindias/.m2/repository/org/apache/commons/commons-lang3/3.11/commons-lang3-3.11.jar:/Users/kevindias/.m2/repository/commons-cli/commons-cli/1.2/commons-cli-1.2.jar:/Users/kevindias/.m2/repository/com/google/guava/guava/26.0-jre/guava-26.0-jre.jar:/Users/kevindias/.m2/repository/com/google/code/findbugs/jsr305/3.0.2/jsr305-3.0.2.jar:/Users/kevindias/.m2/repository/org/checkerframework/checker-qual/2.5.2/checker-qual-2.5.2.jar:/Users/kevindias/.m2/repository/com/google/errorprone/error_prone_annotations/2.1.3/error_prone_annotations-2.1.3.jar:/Users/kevindias/.m2/repository/com/google/j2objc/j2objc-annotations/1.1/j2objc-annotations-1.1.jar:/Users/kevindias/.m2/repository/org/codehaus/mojo/animal-sniffer-annotations/1.14/animal-sniffer-annotations-1.14.jar:/Users/kevindias/.m2/repository/com/fasterxml/jackson/datatype/jackson-datatype-guava/2.11.4/jackson-datatype-guava-2.11.4.jar:/Users/kevindias/.m2/repository/com/fasterxml/jackson/core/jackson-core/2.11.4/jackson-core-2.11.4.jar:/Users/kevindias/.m2/repository/com/atlassian/commonmark/commonmark/0.11.0/commonmark-0.11.0.jar:/Users/kevindias/.m2/repository/com/github/mifmif/generex/1.0.2/generex-1.0.2.jar:/Users/kevindias/.m2/repository/dk/brics/automaton/automaton/1.11-8/automaton-1.11-8.jar:/Users/kevindias/.m2/repository/com/github/curious-odd-man/rgxgen/1.3/rgxgen-1.3.jar:/Users/kevindias/.m2/repository/com/fasterxml/jackson/datatype/jackson-datatype-jsr310/2.11.4/jackson-datatype-jsr310-2.11.4.jar:/Users/kevindias/.m2/repository/com/fasterxml/jackson/datatype/jackson-datatype-joda/2.11.4/jackson-datatype-joda-2.11.4.jar:/Users/kevindias/.m2/repository/joda-time/joda-time/2.9.9/joda-time-2.9.9.jar:/Users/kevindias/.m2/repository/com/github/joschi/jackson/jackson-datatype-threetenbp/2.10.0/jackson-datatype-threetenbp-2.10.0.jar:/Users/kevindias/.m2/repository/org/threeten/threetenbp/1.4.0/threetenbp-1.4.0.jar:/Users/kevindias/.m2/repository/org/openapitools/openapi-generator-core/5.0.1/openapi-generator-core-5.0.1.jar:/Users/kevindias/.m2/repository/net/java/dev/jna/jna/5.5.0/jna-5.5.0.jar:/Users/kevindias/.m2/repository/com/github/ben-manes/caffeine/caffeine/2.8.8/caffeine-2.8.8.jar:/Users/kevindias/.m2/repository/org/openapitools/openapi-generator-maven-plugin/5.0.1/openapi-generator-maven-plugin-5.0.1.jar:/Users/kevindias/.m2/repository/org/sonatype/plexus/plexus-build-api/0.0.7/plexus-build-api-0.0.7.jar:/Users/kevindias/.m2/repository/org/codehaus/plexus/plexus-utils/1.5.8/plexus-utils-1.5.8.jar:/Users/kevindias/.m2/repository/org/apache/maven/maven-core/3.3.1/maven-core-3.3.1.jar:/Users/kevindias/.m2/repository/org/apache/maven/maven-model/3.3.1/maven-model-3.3.1.jar:/Users/kevindias/.m2/repository/org/apache/maven/maven-settings/3.3.1/maven-settings-3.3.1.jar:/Users/kevindias/.m2/repository/org/apache/maven/maven-settings-builder/3.3.1/maven-settings-builder-3.3.1.jar:/Users/kevindias/.m2/repository/org/apache/maven/maven-builder-support/3.3.1/maven-builder-support-3.3.1.jar:/Users/kevindias/.m2/repository/org/apache/maven/maven-repository-metadata/3.3.1/maven-repository-metadata-3.3.1.jar:/Users/kevindias/.m2/repository/org/apache/maven/maven-artifact/3.3.1/maven-artifact-3.3.1.jar:/Users/kevindias/.m2/repository/org/apache/maven/maven-model-builder/3.3.1/maven-model-builder-3.3.1.jar:/Users/kevindias/.m2/repository/org/apache/maven/maven-aether-provider/3.3.1/maven-aether-provider-3.3.1.jar:/Users/kevindias/.m2/repository/org/eclipse/aether/aether-spi/1.0.2.v20150114/aether-spi-1.0.2.v20150114.jar:/Users/kevindias/.m2/repository/org/eclipse/aether/aether-impl/1.0.2.v20150114/aether-impl-1.0.2.v20150114.jar:/Users/kevindias/.m2/repository/org/eclipse/aether/aether-api/1.0.2.v20150114/aether-api-1.0.2.v20150114.jar:/Users/kevindias/.m2/repository/org/eclipse/aether/aether-util/1.0.2.v20150114/aether-util-1.0.2.v20150114.jar:/Users/kevindias/.m2/repository/org/eclipse/sisu/org.eclipse.sisu.plexus/0.3.0/org.eclipse.sisu.plexus-0.3.0.jar:/Users/kevindias/.m2/repository/javax/enterprise/cdi-api/1.0/cdi-api-1.0.jar:/Users/kevindias/.m2/repository/javax/annotation/jsr250-api/1.0/jsr250-api-1.0.jar:/Users/kevindias/.m2/repository/org/eclipse/sisu/org.eclipse.sisu.inject/0.3.0/org.eclipse.sisu.inject-0.3.0.jar:/Users/kevindias/.m2/repository/org/sonatype/sisu/sisu-guice/3.2.5/sisu-guice-3.2.5-no_aop.jar:/Users/kevindias/.m2/repository/javax/inject/javax.inject/1/javax.inject-1.jar:/Users/kevindias/.m2/repository/aopalliance/aopalliance/1.0/aopalliance-1.0.jar:/Users/kevindias/.m2/repository/org/codehaus/plexus/plexus-interpolation/1.21/plexus-interpolation-1.21.jar:/Users/kevindias/.m2/repository/org/codehaus/plexus/plexus-classworlds/2.5.2/plexus-classworlds-2.5.2.jar:/Users/kevindias/.m2/repository/org/codehaus/plexus/plexus-component-annotations/1.5.5/plexus-component-annotations-1.5.5.jar:/Users/kevindias/.m2/repository/org/sonatype/plexus/plexus-sec-dispatcher/1.3/plexus-sec-dispatcher-1.3.jar:/Users/kevindias/.m2/repository/org/sonatype/plexus/plexus-cipher/1.4/plexus-cipher-1.4.jar:/Users/kevindias/.m2/repository/org/apache/maven/maven-compat/3.5.0/maven-compat-3.5.0.jar:/Users/kevindias/.m2/repository/org/apache/maven/maven-resolver-provider/3.5.0/maven-resolver-provider-3.5.0.jar:/Users/kevindias/.m2/repository/org/apache/maven/resolver/maven-resolver-spi/1.0.3/maven-resolver-spi-1.0.3.jar:/Users/kevindias/.m2/repository/org/apache/maven/resolver/maven-resolver-api/1.0.3/maven-resolver-api-1.0.3.jar:/Users/kevindias/.m2/repository/org/apache/maven/resolver/maven-resolver-util/1.0.3/maven-resolver-util-1.0.3.jar:/Users/kevindias/.m2/repository/org/apache/maven/resolver/maven-resolver-impl/1.0.3/maven-resolver-impl-1.0.3.jar:/Users/kevindias/.m2/repository/org/apache/maven/wagon/wagon-provider-api/2.12/wagon-provider-api-2.12.jar:/Users/kevindias/.m2/repository/org/apache/maven/maven-plugin-api/3.3.1/maven-plugin-api-3.3.1.jar:/Users/kevindias/.m2/repository/org/apache/maven/plugin-tools/maven-plugin-annotations/3.4/maven-plugin-annotations-3.4.jar:/Users/kevindias/.m2/repository/org/openapitools/jackson-databind-nullable/0.2.1/jackson-databind-nullable-0.2.1.jar:/Users/kevindias/.m2/repository/com/fasterxml/jackson/core/jackson-databind/2.11.4/jackson-databind-2.11.4.jar:/Users/kevindias/.m2/repository/org/springframework/boot/spring-boot-starter-web/2.4.5/spring-boot-starter-web-2.4.5.jar:/Users/kevindias/.m2/repository/org/springframework/boot/spring-boot-starter/2.4.5/spring-boot-starter-2.4.5.jar:/Users/kevindias/.m2/repository/org/springframework/boot/spring-boot/2.4.5/spring-boot-2.4.5.jar:/Users/kevindias/.m2/repository/org/springframework/boot/spring-boot-autoconfigure/2.4.5/spring-boot-autoconfigure-2.4.5.jar:/Users/kevindias/.m2/repository/org/springframework/boot/spring-boot-starter-logging/2.4.5/spring-boot-starter-logging-2.4.5.jar:/Users/kevindias/.m2/repository/org/apache/logging/log4j/log4j-to-slf4j/2.13.3/log4j-to-slf4j-2.13.3.jar:/Users/kevindias/.m2/repository/org/apache/logging/log4j/log4j-api/2.13.3/log4j-api-2.13.3.jar:/Users/kevindias/.m2/repository/org/slf4j/jul-to-slf4j/1.7.30/jul-to-slf4j-1.7.30.jar:/Users/kevindias/.m2/repository/jakarta/annotation/jakarta.annotation-api/1.3.5/jakarta.annotation-api-1.3.5.jar:/Users/kevindias/.m2/repository/org/yaml/snakeyaml/1.27/snakeyaml-1.27.jar:/Users/kevindias/.m2/repository/org/springframework/boot/spring-boot-starter-json/2.4.5/spring-boot-starter-json-2.4.5.jar:/Users/kevindias/.m2/repository/com/fasterxml/jackson/datatype/jackson-datatype-jdk8/2.11.4/jackson-datatype-jdk8-2.11.4.jar:/Users/kevindias/.m2/repository/com/fasterxml/jackson/module/jackson-module-parameter-names/2.11.4/jackson-module-parameter-names-2.11.4.jar:/Users/kevindias/.m2/repository/org/springframework/boot/spring-boot-starter-tomcat/2.4.5/spring-boot-starter-tomcat-2.4.5.jar:/Users/kevindias/.m2/repository/org/apache/tomcat/embed/tomcat-embed-core/9.0.45/tomcat-embed-core-9.0.45.jar:/Users/kevindias/.m2/repository/org/glassfish/jakarta.el/3.0.3/jakarta.el-3.0.3.jar:/Users/kevindias/.m2/repository/org/apache/tomcat/embed/tomcat-embed-websocket/9.0.45/tomcat-embed-websocket-9.0.45.jar:/Users/kevindias/.m2/repository/org/springframework/spring-webmvc/5.3.6/spring-webmvc-5.3.6.jar:/Users/kevindias/.m2/repository/org/springframework/spring-aop/5.3.6/spring-aop-5.3.6.jar:/Users/kevindias/.m2/repository/org/springframework/spring-context/5.3.6/spring-context-5.3.6.jar:/Users/kevindias/.m2/repository/org/springframework/spring-expression/5.3.6/spring-expression-5.3.6.jar:/Users/kevindias/.m2/repository/org/springframework/boot/spring-boot-starter-test/2.4.5/spring-boot-starter-test-2.4.5.jar:/Users/kevindias/.m2/repository/org/springframework/boot/spring-boot-test/2.4.5/spring-boot-test-2.4.5.jar:/Users/kevindias/.m2/repository/org/springframework/boot/spring-boot-test-autoconfigure/2.4.5/spring-boot-test-autoconfigure-2.4.5.jar:/Users/kevindias/.m2/repository/com/jayway/jsonpath/json-path/2.4.0/json-path-2.4.0.jar:/Users/kevindias/.m2/repository/net/minidev/json-smart/2.3/json-smart-2.3.jar:/Users/kevindias/.m2/repository/net/minidev/accessors-smart/1.2/accessors-smart-1.2.jar:/Users/kevindias/.m2/repository/org/ow2/asm/asm/5.0.4/asm-5.0.4.jar:/Users/kevindias/.m2/repository/jakarta/xml/bind/jakarta.xml.bind-api/2.3.3/jakarta.xml.bind-api-2.3.3.jar:/Users/kevindias/.m2/repository/jakarta/activation/jakarta.activation-api/1.2.2/jakarta.activation-api-1.2.2.jar:/Users/kevindias/.m2/repository/org/assertj/assertj-core/3.18.1/assertj-core-3.18.1.jar:/Users/kevindias/.m2/repository/org/hamcrest/hamcrest/2.2/hamcrest-2.2.jar:/Users/kevindias/.m2/repository/org/junit/jupiter/junit-jupiter/5.7.1/junit-jupiter-5.7.1.jar:/Users/kevindias/.m2/repository/org/junit/jupiter/junit-jupiter-api/5.7.1/junit-jupiter-api-5.7.1.jar:/Users/kevindias/.m2/repository/org/apiguardian/apiguardian-api/1.1.0/apiguardian-api-1.1.0.jar:/Users/kevindias/.m2/repository/org/opentest4j/opentest4j/1.2.0/opentest4j-1.2.0.jar:/Users/kevindias/.m2/repository/org/junit/platform/junit-platform-commons/1.7.1/junit-platform-commons-1.7.1.jar:/Users/kevindias/.m2/repository/org/junit/jupiter/junit-jupiter-params/5.7.1/junit-jupiter-params-5.7.1.jar:/Users/kevindias/.m2/repository/org/junit/jupiter/junit-jupiter-engine/5.7.1/junit-jupiter-engine-5.7.1.jar:/Users/kevindias/.m2/repository/org/junit/platform/junit-platform-engine/1.7.1/junit-platform-engine-1.7.1.jar:/Users/kevindias/.m2/repository/org/mockito/mockito-core/3.6.28/mockito-core-3.6.28.jar:/Users/kevindias/.m2/repository/net/bytebuddy/byte-buddy-agent/1.10.22/byte-buddy-agent-1.10.22.jar:/Users/kevindias/.m2/repository/org/objenesis/objenesis/3.1/objenesis-3.1.jar:/Users/kevindias/.m2/repository/org/mockito/mockito-junit-jupiter/3.6.28/mockito-junit-jupiter-3.6.28.jar:/Users/kevindias/.m2/repository/org/skyscreamer/jsonassert/1.5.0/jsonassert-1.5.0.jar:/Users/kevindias/.m2/repository/com/vaadin/external/google/android-json/0.0.20131108.vaadin1/android-json-0.0.20131108.vaadin1.jar:/Users/kevindias/.m2/repository/org/springframework/spring-core/5.3.6/spring-core-5.3.6.jar:/Users/kevindias/.m2/repository/org/springframework/spring-jcl/5.3.6/spring-jcl-5.3.6.jar:/Users/kevindias/.m2/repository/org/springframework/spring-test/5.3.6/spring-test-5.3.6.jar:/Users/kevindias/.m2/repository/org/xmlunit/xmlunit-core/2.7.0/xmlunit-core-2.7.0.jar:/Users/kevindias/.m2/repository/org/springframework/spring-web/5.3.4/spring-web-5.3.4.jar:/Users/kevindias/.m2/repository/org/springframework/spring-beans/5.3.6/spring-beans-5.3.6.jar:/Users/kevindias/.m2/repository/io/springfox/springfox-core/3.0.0/springfox-core-3.0.0.jar:/Users/kevindias/.m2/repository/net/bytebuddy/byte-buddy/1.10.22/byte-buddy-1.10.22.jar:/Users/kevindias/.m2/repository/com/fasterxml/classmate/1.5.1/classmate-1.5.1.jar:/Users/kevindias/.m2/repository/org/springframework/plugin/spring-plugin-core/2.0.0.RELEASE/spring-plugin-core-2.0.0.RELEASE.jar:/Users/kevindias/.m2/repository/org/springframework/plugin/spring-plugin-metadata/2.0.0.RELEASE/spring-plugin-metadata-2.0.0.RELEASE.jar:"/>
    <property name="java.vm.vendor" value="Oracle Corporation"/>
    <property name="sun.arch.data.model" value="64"/>
    <property name="java.vendor.url" value="https://java.oracle.com/"/>
    <property name="os.name" value="Mac OS X"/>
    <property name="java.vm.specification.version" value="15"/>
    <property name="sun.java.launcher" value="SUN_STANDARD"/>
    <property name="user.country" value="GB"/>
    <property name="sun.boot.library.path" value="/Library/Java/JavaVirtualMachines/jdk-15.0.2.jdk/Contents/Home/lib"/>
    <property name="sun.java.command" value="/Users/kevindias/workspace/hackerspace/dms/target/surefire/surefirebooter6368203849460298557.jar /Users/kevindias/workspace/hackerspace/dms/target/surefire 2021-04-20T22-11-05_327-jvmRun1 surefire8065048016306396401tmp surefire_03425061545008987776tmp"/>
    <property name="http.nonProxyHosts" value="local|*.local|169.254/16|*.169.254/16"/>
    <property name="jdk.debug" value="release"/>
    <property name="surefire.test.class.path" value="/Users/kevindias/workspace/hackerspace/dms/target/test-classes:/Users/kevindias/workspace/hackerspace/dms/target/classes:/Users/kevindias/.m2/repository/org/openapitools/openapi-generator/5.0.1/openapi-generator-5.0.1.jar:/Users/kevindias/.m2/repository/io/swagger/core/v3/swagger-core/2.1.2/swagger-core-2.1.2.jar:/Users/kevindias/.m2/repository/com/fasterxml/jackson/core/jackson-annotations/2.11.4/jackson-annotations-2.11.4.jar:/Users/kevindias/.m2/repository/com/fasterxml/jackson/dataformat/jackson-dataformat-yaml/2.11.4/jackson-dataformat-yaml-2.11.4.jar:/Users/kevindias/.m2/repository/io/swagger/core/v3/swagger-annotations/2.1.2/swagger-annotations-2.1.2.jar:/Users/kevindias/.m2/repository/io/swagger/core/v3/swagger-models/2.1.2/swagger-models-2.1.2.jar:/Users/kevindias/.m2/repository/jakarta/validation/jakarta.validation-api/2.0.2/jakarta.validation-api-2.0.2.jar:/Users/kevindias/.m2/repository/io/swagger/parser/v3/swagger-parser/2.0.24/swagger-parser-2.0.24.jar:/Users/kevindias/.m2/repository/io/swagger/parser/v3/swagger-parser-v2-converter/2.0.24/swagger-parser-v2-converter-2.0.24.jar:/Users/kevindias/.m2/repository/io/swagger/swagger-core/1.6.2/swagger-core-1.6.2.jar:/Users/kevindias/.m2/repository/io/swagger/swagger-models/1.6.2/swagger-models-1.6.2.jar:/Users/kevindias/.m2/repository/io/swagger/swagger-annotations/1.6.2/swagger-annotations-1.6.2.jar:/Users/kevindias/.m2/repository/javax/validation/validation-api/2.0.1.Final/validation-api-2.0.1.Final.jar:/Users/kevindias/.m2/repository/io/swagger/swagger-parser/1.0.53/swagger-parser-1.0.53.jar:/Users/kevindias/.m2/repository/io/swagger/swagger-compat-spec-parser/1.0.53/swagger-compat-spec-parser-1.0.53.jar:/Users/kevindias/.m2/repository/com/github/java-json-tools/json-schema-validator/2.2.14/json-schema-validator-2.2.14.jar:/Users/kevindias/.m2/repository/com/github/java-json-tools/jackson-coreutils-equivalence/1.0/jackson-coreutils-equivalence-1.0.jar:/Users/kevindias/.m2/repository/com/github/java-json-tools/json-schema-core/1.2.14/json-schema-core-1.2.14.jar:/Users/kevindias/.m2/repository/com/github/java-json-tools/uri-template/0.10/uri-template-0.10.jar:/Users/kevindias/.m2/repository/org/mozilla/rhino/1.7.7.2/rhino-1.7.7.2.jar:/Users/kevindias/.m2/repository/com/sun/mail/mailapi/1.6.2/mailapi-1.6.2.jar:/Users/kevindias/.m2/repository/com/googlecode/libphonenumber/libphonenumber/8.11.1/libphonenumber-8.11.1.jar:/Users/kevindias/.m2/repository/net/sf/jopt-simple/jopt-simple/5.0.4/jopt-simple-5.0.4.jar:/Users/kevindias/.m2/repository/com/github/java-json-tools/json-patch/1.13/json-patch-1.13.jar:/Users/kevindias/.m2/repository/com/github/java-json-tools/msg-simple/1.2/msg-simple-1.2.jar:/Users/kevindias/.m2/repository/com/github/java-json-tools/btf/1.3/btf-1.3.jar:/Users/kevindias/.m2/repository/com/github/java-json-tools/jackson-coreutils/2.0/jackson-coreutils-2.0.jar:/Users/kevindias/.m2/repository/org/apache/httpcomponents/httpclient/4.5.13/httpclient-4.5.13.jar:/Users/kevindias/.m2/repository/org/apache/httpcomponents/httpcore/4.4.14/httpcore-4.4.14.jar:/Users/kevindias/.m2/repository/commons-codec/commons-codec/1.15/commons-codec-1.15.jar:/Users/kevindias/.m2/repository/io/swagger/parser/v3/swagger-parser-core/2.0.24/swagger-parser-core-2.0.24.jar:/Users/kevindias/.m2/repository/io/swagger/parser/v3/swagger-parser-v3/2.0.24/swagger-parser-v3-2.0.24.jar:/Users/kevindias/.m2/repository/com/samskivert/jmustache/1.15/jmustache-1.15.jar:/Users/kevindias/.m2/repository/com/github/jknack/handlebars/4.1.2/handlebars-4.1.2.jar:/Users/kevindias/.m2/repository/com/github/jknack/handlebars-jackson2/4.1.2/handlebars-jackson2-4.1.2.jar:/Users/kevindias/.m2/repository/commons-io/commons-io/2.4/commons-io-2.4.jar:/Users/kevindias/.m2/repository/org/slf4j/slf4j-ext/1.7.30/slf4j-ext-1.7.30.jar:/Users/kevindias/.m2/repository/org/slf4j/slf4j-api/1.7.30/slf4j-api-1.7.30.jar:/Users/kevindias/.m2/repository/org/slf4j/slf4j-simple/1.7.30/slf4j-simple-1.7.30.jar:/Users/kevindias/.m2/repository/org/apache/commons/commons-lang3/3.11/commons-lang3-3.11.jar:/Users/kevindias/.m2/repository/commons-cli/commons-cli/1.2/commons-cli-1.2.jar:/Users/kevindias/.m2/repository/com/google/guava/guava/26.0-jre/guava-26.0-jre.jar:/Users/kevindias/.m2/repository/com/google/code/findbugs/jsr305/3.0.2/jsr305-3.0.2.jar:/Users/kevindias/.m2/repository/org/checkerframework/checker-qual/2.5.2/checker-qual-2.5.2.jar:/Users/kevindias/.m2/repository/com/google/errorprone/error_prone_annotations/2.1.3/error_prone_annotations-2.1.3.jar:/Users/kevindias/.m2/repository/com/google/j2objc/j2objc-annotations/1.1/j2objc-annotations-1.1.jar:/Users/kevindias/.m2/repository/org/codehaus/mojo/animal-sniffer-annotations/1.14/animal-sniffer-annotations-1.14.jar:/Users/kevindias/.m2/repository/com/fasterxml/jackson/datatype/jackson-datatype-guava/2.11.4/jackson-datatype-guava-2.11.4.jar:/Users/kevindias/.m2/repository/com/fasterxml/jackson/core/jackson-core/2.11.4/jackson-core-2.11.4.jar:/Users/kevindias/.m2/repository/com/atlassian/commonmark/commonmark/0.11.0/commonmark-0.11.0.jar:/Users/kevindias/.m2/repository/com/github/mifmif/generex/1.0.2/generex-1.0.2.jar:/Users/kevindias/.m2/repository/dk/brics/automaton/automaton/1.11-8/automaton-1.11-8.jar:/Users/kevindias/.m2/repository/com/github/curious-odd-man/rgxgen/1.3/rgxgen-1.3.jar:/Users/kevindias/.m2/repository/com/fasterxml/jackson/datatype/jackson-datatype-jsr310/2.11.4/jackson-datatype-jsr310-2.11.4.jar:/Users/kevindias/.m2/repository/com/fasterxml/jackson/datatype/jackson-datatype-joda/2.11.4/jackson-datatype-joda-2.11.4.jar:/Users/kevindias/.m2/repository/joda-time/joda-time/2.9.9/joda-time-2.9.9.jar:/Users/kevindias/.m2/repository/com/github/joschi/jackson/jackson-datatype-threetenbp/2.10.0/jackson-datatype-threetenbp-2.10.0.jar:/Users/kevindias/.m2/repository/org/threeten/threetenbp/1.4.0/threetenbp-1.4.0.jar:/Users/kevindias/.m2/repository/org/openapitools/openapi-generator-core/5.0.1/openapi-generator-core-5.0.1.jar:/Users/kevindias/.m2/repository/net/java/dev/jna/jna/5.5.0/jna-5.5.0.jar:/Users/kevindias/.m2/repository/com/github/ben-manes/caffeine/caffeine/2.8.8/caffeine-2.8.8.jar:/Users/kevindias/.m2/repository/org/openapitools/openapi-generator-maven-plugin/5.0.1/openapi-generator-maven-plugin-5.0.1.jar:/Users/kevindias/.m2/repository/org/sonatype/plexus/plexus-build-api/0.0.7/plexus-build-api-0.0.7.jar:/Users/kevindias/.m2/repository/org/codehaus/plexus/plexus-utils/1.5.8/plexus-utils-1.5.8.jar:/Users/kevindias/.m2/repository/org/apache/maven/maven-core/3.3.1/maven-core-3.3.1.jar:/Users/kevindias/.m2/repository/org/apache/maven/maven-model/3.3.1/maven-model-3.3.1.jar:/Users/kevindias/.m2/repository/org/apache/maven/maven-settings/3.3.1/maven-settings-3.3.1.jar:/Users/kevindias/.m2/repository/org/apache/maven/maven-settings-builder/3.3.1/maven-settings-builder-3.3.1.jar:/Users/kevindias/.m2/repository/org/apache/maven/maven-builder-support/3.3.1/maven-builder-support-3.3.1.jar:/Users/kevindias/.m2/repository/org/apache/maven/maven-repository-metadata/3.3.1/maven-repository-metadata-3.3.1.jar:/Users/kevindias/.m2/repository/org/apache/maven/maven-artifact/3.3.1/maven-artifact-3.3.1.jar:/Users/kevindias/.m2/repository/org/apache/maven/maven-model-builder/3.3.1/maven-model-builder-3.3.1.jar:/Users/kevindias/.m2/repository/org/apache/maven/maven-aether-provider/3.3.1/maven-aether-provider-3.3.1.jar:/Users/kevindias/.m2/repository/org/eclipse/aether/aether-spi/1.0.2.v20150114/aether-spi-1.0.2.v20150114.jar:/Users/kevindias/.m2/repository/org/eclipse/aether/aether-impl/1.0.2.v20150114/aether-impl-1.0.2.v20150114.jar:/Users/kevindias/.m2/repository/org/eclipse/aether/aether-api/1.0.2.v20150114/aether-api-1.0.2.v20150114.jar:/Users/kevindias/.m2/repository/org/eclipse/aether/aether-util/1.0.2.v20150114/aether-util-1.0.2.v20150114.jar:/Users/kevindias/.m2/repository/org/eclipse/sisu/org.eclipse.sisu.plexus/0.3.0/org.eclipse.sisu.plexus-0.3.0.jar:/Users/kevindias/.m2/repository/javax/enterprise/cdi-api/1.0/cdi-api-1.0.jar:/Users/kevindias/.m2/repository/javax/annotation/jsr250-api/1.0/jsr250-api-1.0.jar:/Users/kevindias/.m2/repository/org/eclipse/sisu/org.eclipse.sisu.inject/0.3.0/org.eclipse.sisu.inject-0.3.0.jar:/Users/kevindias/.m2/repository/org/sonatype/sisu/sisu-guice/3.2.5/sisu-guice-3.2.5-no_aop.jar:/Users/kevindias/.m2/repository/javax/inject/javax.inject/1/javax.inject-1.jar:/Users/kevindias/.m2/repository/aopalliance/aopalliance/1.0/aopalliance-1.0.jar:/Users/kevindias/.m2/repository/org/codehaus/plexus/plexus-interpolation/1.21/plexus-interpolation-1.21.jar:/Users/kevindias/.m2/repository/org/codehaus/plexus/plexus-classworlds/2.5.2/plexus-classworlds-2.5.2.jar:/Users/kevindias/.m2/repository/org/codehaus/plexus/plexus-component-annotations/1.5.5/plexus-component-annotations-1.5.5.jar:/Users/kevindias/.m2/repository/org/sonatype/plexus/plexus-sec-dispatcher/1.3/plexus-sec-dispatcher-1.3.jar:/Users/kevindias/.m2/repository/org/sonatype/plexus/plexus-cipher/1.4/plexus-cipher-1.4.jar:/Users/kevindias/.m2/repository/org/apache/maven/maven-compat/3.5.0/maven-compat-3.5.0.jar:/Users/kevindias/.m2/repository/org/apache/maven/maven-resolver-provider/3.5.0/maven-resolver-provider-3.5.0.jar:/Users/kevindias/.m2/repository/org/apache/maven/resolver/maven-resolver-spi/1.0.3/maven-resolver-spi-1.0.3.jar:/Users/kevindias/.m2/repository/org/apache/maven/resolver/maven-resolver-api/1.0.3/maven-resolver-api-1.0.3.jar:/Users/kevindias/.m2/repository/org/apache/maven/resolver/maven-resolver-util/1.0.3/maven-resolver-util-1.0.3.jar:/Users/kevindias/.m2/repository/org/apache/maven/resolver/maven-resolver-impl/1.0.3/maven-resolver-impl-1.0.3.jar:/Users/kevindias/.m2/repository/org/apache/maven/wagon/wagon-provider-api/2.12/wagon-provider-api-2.12.jar:/Users/kevindias/.m2/repository/org/apache/maven/maven-plugin-api/3.3.1/maven-plugin-api-3.3.1.jar:/Users/kevindias/.m2/repository/org/apache/maven/plugin-tools/maven-plugin-annotations/3.4/maven-plugin-annotations-3.4.jar:/Users/kevindias/.m2/repository/org/openapitools/jackson-databind-nullable/0.2.1/jackson-databind-nullable-0.2.1.jar:/Users/kevindias/.m2/repository/com/fasterxml/jackson/core/jackson-databind/2.11.4/jackson-databind-2.11.4.jar:/Users/kevindias/.m2/repository/org/springframework/boot/spring-boot-starter-web/2.4.5/spring-boot-starter-web-2.4.5.jar:/Users/kevindias/.m2/repository/org/springframework/boot/spring-boot-starter/2.4.5/spring-boot-starter-2.4.5.jar:/Users/kevindias/.m2/repository/org/springframework/boot/spring-boot/2.4.5/spring-boot-2.4.5.jar:/Users/kevindias/.m2/repository/org/springframework/boot/spring-boot-autoconfigure/2.4.5/spring-boot-autoconfigure-2.4.5.jar:/Users/kevindias/.m2/repository/org/springframework/boot/spring-boot-starter-logging/2.4.5/spring-boot-starter-logging-2.4.5.jar:/Users/kevindias/.m2/repository/org/apache/logging/log4j/log4j-to-slf4j/2.13.3/log4j-to-slf4j-2.13.3.jar:/Users/kevindias/.m2/repository/org/apache/logging/log4j/log4j-api/2.13.3/log4j-api-2.13.3.jar:/Users/kevindias/.m2/repository/org/slf4j/jul-to-slf4j/1.7.30/jul-to-slf4j-1.7.30.jar:/Users/kevindias/.m2/repository/jakarta/annotation/jakarta.annotation-api/1.3.5/jakarta.annotation-api-1.3.5.jar:/Users/kevindias/.m2/repository/org/yaml/snakeyaml/1.27/snakeyaml-1.27.jar:/Users/kevindias/.m2/repository/org/springframework/boot/spring-boot-starter-json/2.4.5/spring-boot-starter-json-2.4.5.jar:/Users/kevindias/.m2/repository/com/fasterxml/jackson/datatype/jackson-datatype-jdk8/2.11.4/jackson-datatype-jdk8-2.11.4.jar:/Users/kevindias/.m2/repository/com/fasterxml/jackson/module/jackson-module-parameter-names/2.11.4/jackson-module-parameter-names-2.11.4.jar:/Users/kevindias/.m2/repository/org/springframework/boot/spring-boot-starter-tomcat/2.4.5/spring-boot-starter-tomcat-2.4.5.jar:/Users/kevindias/.m2/repository/org/apache/tomcat/embed/tomcat-embed-core/9.0.45/tomcat-embed-core-9.0.45.jar:/Users/kevindias/.m2/repository/org/glassfish/jakarta.el/3.0.3/jakarta.el-3.0.3.jar:/Users/kevindias/.m2/repository/org/apache/tomcat/embed/tomcat-embed-websocket/9.0.45/tomcat-embed-websocket-9.0.45.jar:/Users/kevindias/.m2/repository/org/springframework/spring-webmvc/5.3.6/spring-webmvc-5.3.6.jar:/Users/kevindias/.m2/repository/org/springframework/spring-aop/5.3.6/spring-aop-5.3.6.jar:/Users/kevindias/.m2/repository/org/springframework/spring-context/5.3.6/spring-context-5.3.6.jar:/Users/kevindias/.m2/repository/org/springframework/spring-expression/5.3.6/spring-expression-5.3.6.jar:/Users/kevindias/.m2/repository/org/springframework/boot/spring-boot-starter-test/2.4.5/spring-boot-starter-test-2.4.5.jar:/Users/kevindias/.m2/repository/org/springframework/boot/spring-boot-test/2.4.5/spring-boot-test-2.4.5.jar:/Users/kevindias/.m2/repository/org/springframework/boot/spring-boot-test-autoconfigure/2.4.5/spring-boot-test-autoconfigure-2.4.5.jar:/Users/kevindias/.m2/repository/com/jayway/jsonpath/json-path/2.4.0/json-path-2.4.0.jar:/Users/kevindias/.m2/repository/net/minidev/json-smart/2.3/json-smart-2.3.jar:/Users/kevindias/.m2/repository/net/minidev/accessors-smart/1.2/accessors-smart-1.2.jar:/Users/kevindias/.m2/repository/org/ow2/asm/asm/5.0.4/asm-5.0.4.jar:/Users/kevindias/.m2/repository/jakarta/xml/bind/jakarta.xml.bind-api/2.3.3/jakarta.xml.bind-api-2.3.3.jar:/Users/kevindias/.m2/repository/jakarta/activation/jakarta.activation-api/1.2.2/jakarta.activation-api-1.2.2.jar:/Users/kevindias/.m2/repository/org/assertj/assertj-core/3.18.1/assertj-core-3.18.1.jar:/Users/kevindias/.m2/repository/org/hamcrest/hamcrest/2.2/hamcrest-2.2.jar:/Users/kevindias/.m2/repository/org/junit/jupiter/junit-jupiter/5.7.1/junit-jupiter-5.7.1.jar:/Users/kevindias/.m2/repository/org/junit/jupiter/junit-jupiter-api/5.7.1/junit-jupiter-api-5.7.1.jar:/Users/kevindias/.m2/repository/org/apiguardian/apiguardian-api/1.1.0/apiguardian-api-1.1.0.jar:/Users/kevindias/.m2/repository/org/opentest4j/opentest4j/1.2.0/opentest4j-1.2.0.jar:/Users/kevindias/.m2/repository/org/junit/platform/junit-platform-commons/1.7.1/junit-platform-commons-1.7.1.jar:/Users/kevindias/.m2/repository/org/junit/jupiter/junit-jupiter-params/5.7.1/junit-jupiter-params-5.7.1.jar:/Users/kevindias/.m2/repository/org/junit/jupiter/junit-jupiter-engine/5.7.1/junit-jupiter-engine-5.7.1.jar:/Users/kevindias/.m2/repository/org/junit/platform/junit-platform-engine/1.7.1/junit-platform-engine-1.7.1.jar:/Users/kevindias/.m2/repository/org/mockito/mockito-core/3.6.28/mockito-core-3.6.28.jar:/Users/kevindias/.m2/repository/net/bytebuddy/byte-buddy-agent/1.10.22/byte-buddy-agent-1.10.22.jar:/Users/kevindias/.m2/repository/org/objenesis/objenesis/3.1/objenesis-3.1.jar:/Users/kevindias/.m2/repository/org/mockito/mockito-junit-jupiter/3.6.28/mockito-junit-jupiter-3.6.28.jar:/Users/kevindias/.m2/repository/org/skyscreamer/jsonassert/1.5.0/jsonassert-1.5.0.jar:/Users/kevindias/.m2/repository/com/vaadin/external/google/android-json/0.0.20131108.vaadin1/android-json-0.0.20131108.vaadin1.jar:/Users/kevindias/.m2/repository/org/springframework/spring-core/5.3.6/spring-core-5.3.6.jar:/Users/kevindias/.m2/repository/org/springframework/spring-jcl/5.3.6/spring-jcl-5.3.6.jar:/Users/kevindias/.m2/repository/org/springframework/spring-test/5.3.6/spring-test-5.3.6.jar:/Users/kevindias/.m2/repository/org/xmlunit/xmlunit-core/2.7.0/xmlunit-core-2.7.0.jar:/Users/kevindias/.m2/repository/org/springframework/spring-web/5.3.4/spring-web-5.3.4.jar:/Users/kevindias/.m2/repository/org/springframework/spring-beans/5.3.6/spring-beans-5.3.6.jar:/Users/kevindias/.m2/repository/io/springfox/springfox-core/3.0.0/springfox-core-3.0.0.jar:/Users/kevindias/.m2/repository/net/bytebuddy/byte-buddy/1.10.22/byte-buddy-1.10.22.jar:/Users/kevindias/.m2/repository/com/fasterxml/classmate/1.5.1/classmate-1.5.1.jar:/Users/kevindias/.m2/repository/org/springframework/plugin/spring-plugin-core/2.0.0.RELEASE/spring-plugin-core-2.0.0.RELEASE.jar:/Users/kevindias/.m2/repository/org/springframework/plugin/spring-plugin-metadata/2.0.0.RELEASE/spring-plugin-metadata-2.0.0.RELEASE.jar:"/>
    <property name="sun.cpu.endian" value="little"/>
    <property name="user.home" value="/Users/kevindias"/>
    <property name="user.language" value="en"/>
    <property name="java.specification.vendor" value="Oracle Corporation"/>
    <property name="java.version.date" value="2021-01-19"/>
    <property name="java.home" value="/Library/Java/JavaVirtualMachines/jdk-15.0.2.jdk/Contents/Home"/>
    <property name="file.separator" value="/"/>
    <property name="basedir" value="/Users/kevindias/workspace/hackerspace/dms"/>
    <property name="java.vm.compressedOopsMode" value="Zero based"/>
    <property name="line.separator" value="&#10;"/>
    <property name="java.specification.name" value="Java Platform API Specification"/>
    <property name="java.vm.specification.vendor" value="Oracle Corporation"/>
    <property name="surefire.real.class.path" value="/Users/kevindias/workspace/hackerspace/dms/target/surefire/surefirebooter6368203849460298557.jar"/>
    <property name="sun.management.compiler" value="HotSpot 64-Bit Tiered Compilers"/>
    <property name="ftp.nonProxyHosts" value="local|*.local|169.254/16|*.169.254/16"/>
    <property name="java.runtime.version" value="15.0.2+7-27"/>
    <property name="user.name" value="kevindias"/>
    <property name="path.separator" value=":"/>
    <property name="os.version" value="10.16"/>
    <property name="java.runtime.name" value="Java(TM) SE Runtime Environment"/>
    <property name="file.encoding" value="UTF-8"/>
    <property name="java.vm.name" value="Java HotSpot(TM) 64-Bit Server VM"/>
    <property name="localRepository" value="/Users/kevindias/.m2/repository"/>
    <property name="java.vendor.url.bug" value="https://bugreport.java.com/bugreport/"/>
    <property name="java.io.tmpdir" value="/var/folders/cx/ghzf834j6md8lglgz4cqr92r0000gp/T/"/>
    <property name="java.version" value="15.0.2"/>
    <property name="user.dir" value="/Users/kevindias/workspace/hackerspace/dms"/>
    <property name="os.arch" value="x86_64"/>
    <property name="java.vm.specification.name" value="Java Virtual Machine Specification"/>
    <property name="java.library.path" value="/Users/kevindias/Library/Java/Extensions:/Library/Java/Extensions:/Network/Library/Java/Extensions:/System/Library/Java/Extensions:/usr/lib/java:."/>
    <property name="java.vm.info" value="mixed mode, sharing"/>
    <property name="java.vendor" value="Oracle Corporation"/>
    <property name="java.vm.version" value="15.0.2+7-27"/>
    <property name="sun.io.unicode.encoding" value="UnicodeBig"/>
    <property name="socksNonProxyHosts" value="local|*.local|169.254/16|*.169.254/16"/>
    <property name="java.class.version" value="59.0"/>
  </properties>
  <testcase name="contextLoads" classname="org.hackerspace.lbc.dmsserver.DmsServerApplicationTests" time="0.28"/>
</testsuite>